#
# There is insufficient memory for the Java Runtime Environment to continue.
# Native memory allocation (mmap) failed to map 100663296 bytes. Error detail: G1 virtual space
# Possible reasons:
#   The system is out of physical RAM or swap space
#   This process is running with CompressedOops enabled, and the Java Heap may be blocking the growth of the native heap
# Possible solutions:
#   Reduce memory load on the system
#   Increase physical memory or swap space
#   Check if swap backing store is full
#   Decrease Java heap size (-Xmx/-Xms)
#   Decrease number of Java threads
#   Decrease Java thread stack sizes (-Xss)
#   Set larger code cache with -XX:ReservedCodeCacheSize=
#   JVM is running with Unscaled Compressed Oops mode in which the Java heap is
#     placed in the first 4GB address space. The Java Heap base address is the
#     maximum limit for the native heap growth. Please use -XX:HeapBaseMinAddress
#     to set the Java Heap base and to place the Java Heap above 4GB virtual address.
# This output file may be truncated or incomplete.
#
#  Out of Memory Error (os_windows.cpp:3613), pid=11108, tid=2032
#
# JRE version: OpenJDK Runtime Environment Microsoft-9388408 (17.0.11+9) (build 17.0.11+9-LTS)
# Java VM: OpenJDK 64-Bit Server VM Microsoft-9388408 (17.0.11+9-LTS, mixed mode, sharing, tiered, compressed oops, compressed class ptrs, g1 gc, windows-amd64)
# No core dump will be written. Minidumps are not enabled by default on client versions of Windows
#

---------------  S U M M A R Y ------------

Command Line: org.jetbrains.kotlin.cli.jvm.K2JVMCompiler @F:\BdCalling\react-native\PuetroRico\node_modules\react-native-gesture-handler\android\build\20241231_11215731046882849395.compiler.options

Host: Intel(R) Core(TM) i7-6700 CPU @ 3.40GHz, 8 cores, 7G,  Windows 10 , 64 bit Build 19041 (10.0.19041.5198)
Time: Tue Dec 31 15:46:43 2024 Pacific Standard Time elapsed time: 42.757442 seconds (0d 0h 0m 42s)

---------------  T H R E A D  ---------------

Current thread (0x000001c5875704e0):  VMThread "VM Thread" [stack: 0x000000a65a800000,0x000000a65a900000] [id=2032]

Stack: [0x000000a65a800000,0x000000a65a900000]
Native frames: (J=compiled Java code, j=interpreted, Vv=VM code, C=native code)
V  [jvm.dll+0x67f6d9]
V  [jvm.dll+0x83773a]
V  [jvm.dll+0x8391fe]
V  [jvm.dll+0x839863]
V  [jvm.dll+0x247fbf]
V  [jvm.dll+0x67c519]
V  [jvm.dll+0x670f8a]
V  [jvm.dll+0x309bdb]
V  [jvm.dll+0x311086]
V  [jvm.dll+0x360a6e]
V  [jvm.dll+0x360c9f]
V  [jvm.dll+0x2e0928]
V  [jvm.dll+0x2ded34]
V  [jvm.dll+0x2de33c]
V  [jvm.dll+0x321d2b]
V  [jvm.dll+0x83dd5b]
V  [jvm.dll+0x83ea92]
V  [jvm.dll+0x83efad]
V  [jvm.dll+0x83f384]
V  [jvm.dll+0x83f450]
V  [jvm.dll+0x7e6cba]
V  [jvm.dll+0x67e5c5]
C  [ucrtbase.dll+0x21bb2]
C  [KERNEL32.DLL+0x17374]
C  [ntdll.dll+0x4cc91]

VM_Operation (0x000000a65a2fb900): G1CollectForAllocation, mode: safepoint, requested by thread 0x000001c5e9104320


---------------  P R O C E S S  ---------------

Threads class SMR info:
_java_thread_list=0x000001c5ce103850, length=13, elements={
0x000001c5e9104320, 0x000001c587578080, 0x000001c5875795b0, 0x000001c58758c950,
0x000001c58758e430, 0x000001c5875928c0, 0x000001c587593930, 0x000001c58759a2c0,
0x000001c5875bfcb0, 0x000001c5875c09b0, 0x000001c5877f92d0, 0x000001c5877ffe90,
0x000001c5cf3f4b10
}

Java Threads: ( => current thread )
  0x000001c5e9104320 JavaThread "main" [_thread_blocked, id=5888, stack(0x000000a65a200000,0x000000a65a300000)]
  0x000001c587578080 JavaThread "Reference Handler" daemon [_thread_blocked, id=1760, stack(0x000000a65a900000,0x000000a65aa00000)]
  0x000001c5875795b0 JavaThread "Finalizer" daemon [_thread_blocked, id=12704, stack(0x000000a65aa00000,0x000000a65ab00000)]
  0x000001c58758c950 JavaThread "Signal Dispatcher" daemon [_thread_blocked, id=2292, stack(0x000000a65ab00000,0x000000a65ac00000)]
  0x000001c58758e430 JavaThread "Attach Listener" daemon [_thread_blocked, id=10248, stack(0x000000a65ac00000,0x000000a65ad00000)]
  0x000001c5875928c0 JavaThread "Service Thread" daemon [_thread_blocked, id=9804, stack(0x000000a65ad00000,0x000000a65ae00000)]
  0x000001c587593930 JavaThread "Monitor Deflation Thread" daemon [_thread_blocked, id=14268, stack(0x000000a65ae00000,0x000000a65af00000)]
  0x000001c58759a2c0 JavaThread "C2 CompilerThread0" daemon [_thread_blocked, id=6672, stack(0x000000a65af00000,0x000000a65b000000)]
  0x000001c5875bfcb0 JavaThread "C1 CompilerThread0" daemon [_thread_blocked, id=10204, stack(0x000000a65b000000,0x000000a65b100000)]
  0x000001c5875c09b0 JavaThread "Sweeper thread" daemon [_thread_blocked, id=8548, stack(0x000000a65b100000,0x000000a65b200000)]
  0x000001c5877f92d0 JavaThread "Notification Thread" daemon [_thread_blocked, id=12984, stack(0x000000a65b200000,0x000000a65b300000)]
  0x000001c5877ffe90 JavaThread "Common-Cleaner" daemon [_thread_blocked, id=15064, stack(0x000000a65b400000,0x000000a65b500000)]
  0x000001c5cf3f4b10 JavaThread "C2 CompilerThread1" daemon [_thread_blocked, id=13880, stack(0x000000a65ba00000,0x000000a65bb00000)]

Other Threads:
=>0x000001c5875704e0 VMThread "VM Thread" [stack: 0x000000a65a800000,0x000000a65a900000] [id=2032]
  0x000001c5877fb7c0 WatcherThread [stack: 0x000000a65b300000,0x000000a65b400000] [id=3220]
  0x000001c5e915da50 GCTaskThread "GC Thread#0" [stack: 0x000000a65a300000,0x000000a65a400000] [id=14668]
  0x000001c5cd202b30 GCTaskThread "GC Thread#1" [stack: 0x000000a65b500000,0x000000a65b600000] [id=4556]
  0x000001c5cd202df0 GCTaskThread "GC Thread#2" [stack: 0x000000a65b600000,0x000000a65b700000] [id=14472]
  0x000001c5cd207ba0 GCTaskThread "GC Thread#3" [stack: 0x000000a65b700000,0x000000a65b800000] [id=14084]
  0x000001c5cd1d3a60 GCTaskThread "GC Thread#4" [stack: 0x000000a65b800000,0x000000a65b900000] [id=12508]
  0x000001c5cd1d3d20 GCTaskThread "GC Thread#5" [stack: 0x000000a65b900000,0x000000a65ba00000] [id=7792]
  0x000001c5cda53740 GCTaskThread "GC Thread#6" [stack: 0x000000a65bb00000,0x000000a65bc00000] [id=9932]
  0x000001c5ce29d260 GCTaskThread "GC Thread#7" [stack: 0x000000a65bc00000,0x000000a65bd00000] [id=7660]
  0x000001c5e916f640 ConcurrentGCThread "G1 Main Marker" [stack: 0x000000a65a400000,0x000000a65a500000] [id=12712]
  0x000001c5e9170710 ConcurrentGCThread "G1 Conc#0" [stack: 0x000000a65a500000,0x000000a65a600000] [id=6356]
  0x000001c5cd6dc130 ConcurrentGCThread "G1 Conc#1" [stack: 0x000000a65bd00000,0x000000a65be00000] [id=14136]
  0x000001c5e91be930 ConcurrentGCThread "G1 Refine#0" [stack: 0x000000a65a600000,0x000000a65a700000] [id=6204]
  0x000001c5cfe8a070 ConcurrentGCThread "G1 Refine#1" [stack: 0x000000a65be00000,0x000000a65bf00000] [id=12732]
  0x000001c58742a4f0 ConcurrentGCThread "G1 Service" [stack: 0x000000a65a700000,0x000000a65a800000] [id=14680]

Threads with active compile tasks:
C2 CompilerThread0    42798 11546       4       org.jetbrains.kotlin.name.FqNameUnsafe::pathSegments (39 bytes)
C1 CompilerThread0    42798 11567       3       org.jetbrains.kotlin.resolve.calls.inference.components.VariableFixationFinder::hasDependencyToOtherTypeVariables (114 bytes)
C2 CompilerThread1    42798 11564       4       org.jetbrains.kotlin.types.TypeConstructorSubstitution$Companion::createByConstructorsMap (15 bytes)

VM state: at safepoint (normal execution)

VM Mutex/Monitor currently owned by a thread:  ([mutex/lock_event])
[0x000001c5e90fed70] Threads_lock - owner thread: 0x000001c5875704e0
[0x000001c5e90ff0d0] Heap_lock - owner thread: 0x000001c5e9104320

Heap address: 0x0000000081400000, size: 2028 MB, Compressed Oops mode: 32-bit

CDS archive(s) mapped at: [0x000001c588000000-0x000001c588bb0000-0x000001c588bb0000), size 12255232, SharedBaseAddress: 0x000001c588000000, ArchiveRelocationMode: 1.
Compressed class space mapped at: 0x000001c589000000-0x000001c5c9000000, reserved size: 1073741824
Narrow klass base: 0x000001c588000000, Narrow klass shift: 0, Narrow klass range: 0x100000000

GC Precious Log:
 CPUs: 8 total, 8 available
 Memory: 8104M
 Large Page Support: Disabled
 NUMA Support: Disabled
 Compressed Oops: Enabled (32-bit)
 Heap Region Size: 1M
 Heap Min Capacity: 8M
 Heap Initial Capacity: 128M
 Heap Max Capacity: 2028M
 Pre-touch: Disabled
 Parallel Workers: 8
 Concurrent Workers: 2
 Concurrent Refinement Workers: 8
 Periodic GC: Disabled

Heap:
 garbage-first heap   total 131072K, used 68241K [0x0000000081400000, 0x0000000100000000)
  region size 1024K, 4 young (4096K), 4 survivors (4096K)
 Metaspace       used 55140K, committed 55488K, reserved 1114112K
  class space    used 6286K, committed 6464K, reserved 1048576K

Heap Regions: E=young(eden), S=young(survivor), O=old, HS=humongous(starts), HC=humongous(continues), CS=collection set, F=free, OA=open archive, CA=closed archive, TAMS=top-at-mark-start (previous, next)
|   0|0x0000000081400000, 0x0000000081500000, 0x0000000081500000|100%|HS|  |TAMS 0x0000000081500000, 0x0000000081500000| Complete 
|   1|0x0000000081500000, 0x0000000081600000, 0x0000000081600000|100%|HC|  |TAMS 0x0000000081600000, 0x0000000081600000| Complete 
|   2|0x0000000081600000, 0x0000000081700000, 0x0000000081700000|100%|HC|  |TAMS 0x0000000081700000, 0x0000000081700000| Complete 
|   3|0x0000000081700000, 0x0000000081800000, 0x0000000081800000|100%|HC|  |TAMS 0x0000000081800000, 0x0000000081800000| Complete 
|   4|0x0000000081800000, 0x0000000081900000, 0x0000000081900000|100%| O|  |TAMS 0x0000000081900000, 0x0000000081900000| Untracked 
|   5|0x0000000081900000, 0x0000000081a00000, 0x0000000081a00000|100%| O|  |TAMS 0x0000000081a00000, 0x0000000081a00000| Untracked 
|   6|0x0000000081a00000, 0x0000000081b00000, 0x0000000081b00000|100%| O|  |TAMS 0x0000000081b00000, 0x0000000081b00000| Untracked 
|   7|0x0000000081b00000, 0x0000000081c00000, 0x0000000081c00000|100%| O|  |TAMS 0x0000000081c00000, 0x0000000081c00000| Untracked 
|   8|0x0000000081c00000, 0x0000000081d00000, 0x0000000081d00000|100%| O|  |TAMS 0x0000000081d00000, 0x0000000081d00000| Untracked 
|   9|0x0000000081d00000, 0x0000000081e00000, 0x0000000081e00000|100%| O|  |TAMS 0x0000000081e00000, 0x0000000081e00000| Untracked 
|  10|0x0000000081e00000, 0x0000000081f00000, 0x0000000081f00000|100%| O|  |TAMS 0x0000000081f00000, 0x0000000081f00000| Untracked 
|  11|0x0000000081f00000, 0x0000000082000000, 0x0000000082000000|100%| O|  |TAMS 0x0000000082000000, 0x0000000082000000| Untracked 
|  12|0x0000000082000000, 0x0000000082100000, 0x0000000082100000|100%| O|  |TAMS 0x0000000082100000, 0x0000000082100000| Untracked 
|  13|0x0000000082100000, 0x0000000082200000, 0x0000000082200000|100%| O|  |TAMS 0x0000000082200000, 0x0000000082200000| Untracked 
|  14|0x0000000082200000, 0x0000000082300000, 0x0000000082300000|100%| O|  |TAMS 0x0000000082300000, 0x0000000082300000| Untracked 
|  15|0x0000000082300000, 0x0000000082400000, 0x0000000082400000|100%| O|  |TAMS 0x0000000082400000, 0x0000000082400000| Untracked 
|  16|0x0000000082400000, 0x0000000082500000, 0x0000000082500000|100%| O|  |TAMS 0x0000000082500000, 0x0000000082500000| Untracked 
|  17|0x0000000082500000, 0x0000000082600000, 0x0000000082600000|100%| O|  |TAMS 0x0000000082600000, 0x0000000082600000| Untracked 
|  18|0x0000000082600000, 0x0000000082700000, 0x0000000082700000|100%|HS|  |TAMS 0x0000000082700000, 0x0000000082700000| Complete 
|  19|0x0000000082700000, 0x0000000082800000, 0x0000000082800000|100%|HC|  |TAMS 0x0000000082800000, 0x0000000082800000| Complete 
|  20|0x0000000082800000, 0x0000000082900000, 0x0000000082900000|100%| O|  |TAMS 0x0000000082900000, 0x0000000082900000| Untracked 
|  21|0x0000000082900000, 0x0000000082a00000, 0x0000000082a00000|100%| O|  |TAMS 0x0000000082a00000, 0x0000000082a00000| Untracked 
|  22|0x0000000082a00000, 0x0000000082b00000, 0x0000000082b00000|100%| O|  |TAMS 0x0000000082b00000, 0x0000000082b00000| Untracked 
|  23|0x0000000082b00000, 0x0000000082c00000, 0x0000000082c00000|100%| O|  |TAMS 0x0000000082c00000, 0x0000000082c00000| Untracked 
|  24|0x0000000082c00000, 0x0000000082d00000, 0x0000000082d00000|100%| O|  |TAMS 0x0000000082d00000, 0x0000000082d00000| Untracked 
|  25|0x0000000082d00000, 0x0000000082e00000, 0x0000000082e00000|100%| O|  |TAMS 0x0000000082e00000, 0x0000000082e00000| Untracked 
|  26|0x0000000082e00000, 0x0000000082f00000, 0x0000000082f00000|100%| O|  |TAMS 0x0000000082f00000, 0x0000000082f00000| Untracked 
|  27|0x0000000082f00000, 0x0000000083000000, 0x0000000083000000|100%| O|  |TAMS 0x0000000083000000, 0x0000000083000000| Untracked 
|  28|0x0000000083000000, 0x0000000083100000, 0x0000000083100000|100%| O|  |TAMS 0x0000000083100000, 0x0000000083100000| Untracked 
|  29|0x0000000083100000, 0x0000000083200000, 0x0000000083200000|100%| O|  |TAMS 0x0000000083200000, 0x0000000083200000| Untracked 
|  30|0x0000000083200000, 0x0000000083300000, 0x0000000083300000|100%| O|  |TAMS 0x0000000083300000, 0x0000000083300000| Untracked 
|  31|0x0000000083300000, 0x0000000083400000, 0x0000000083400000|100%| O|  |TAMS 0x0000000083400000, 0x0000000083400000| Untracked 
|  32|0x0000000083400000, 0x0000000083500000, 0x0000000083500000|100%| O|  |TAMS 0x0000000083500000, 0x0000000083500000| Untracked 
|  33|0x0000000083500000, 0x0000000083600000, 0x0000000083600000|100%| O|  |TAMS 0x0000000083600000, 0x0000000083600000| Untracked 
|  34|0x0000000083600000, 0x0000000083700000, 0x0000000083700000|100%| O|  |TAMS 0x0000000083700000, 0x0000000083700000| Untracked 
|  35|0x0000000083700000, 0x0000000083800000, 0x0000000083800000|100%| O|  |TAMS 0x0000000083800000, 0x0000000083800000| Untracked 
|  36|0x0000000083800000, 0x0000000083900000, 0x0000000083900000|100%| O|  |TAMS 0x0000000083900000, 0x0000000083900000| Untracked 
|  37|0x0000000083900000, 0x0000000083a00000, 0x0000000083a00000|100%| O|  |TAMS 0x0000000083a00000, 0x0000000083a00000| Untracked 
|  38|0x0000000083a00000, 0x0000000083b00000, 0x0000000083b00000|100%| O|  |TAMS 0x0000000083b00000, 0x0000000083b00000| Untracked 
|  39|0x0000000083b00000, 0x0000000083c00000, 0x0000000083c00000|100%| O|  |TAMS 0x0000000083c00000, 0x0000000083c00000| Untracked 
|  40|0x0000000083c00000, 0x0000000083d00000, 0x0000000083d00000|100%| O|  |TAMS 0x0000000083d00000, 0x0000000083d00000| Untracked 
|  41|0x0000000083d00000, 0x0000000083e00000, 0x0000000083e00000|100%| O|  |TAMS 0x0000000083e00000, 0x0000000083e00000| Untracked 
|  42|0x0000000083e00000, 0x0000000083f00000, 0x0000000083f00000|100%| O|  |TAMS 0x0000000083f00000, 0x0000000083f00000| Untracked 
|  43|0x0000000083f00000, 0x0000000084000000, 0x0000000084000000|100%| O|  |TAMS 0x0000000084000000, 0x0000000084000000| Untracked 
|  44|0x0000000084000000, 0x0000000084100000, 0x0000000084100000|100%| O|  |TAMS 0x0000000084100000, 0x0000000084100000| Untracked 
|  45|0x0000000084100000, 0x0000000084200000, 0x0000000084200000|100%| O|  |TAMS 0x0000000084200000, 0x0000000084200000| Untracked 
|  46|0x0000000084200000, 0x0000000084200000, 0x0000000084300000|  0%| F|  |TAMS 0x0000000084200000, 0x0000000084200000| Untracked 
|  47|0x0000000084300000, 0x0000000084400000, 0x0000000084400000|100%| O|  |TAMS 0x0000000084400000, 0x0000000084400000| Untracked 
|  48|0x0000000084400000, 0x0000000084500000, 0x0000000084500000|100%| O|  |TAMS 0x0000000084500000, 0x0000000084500000| Untracked 
|  49|0x0000000084500000, 0x0000000084600000, 0x0000000084600000|100%| O|  |TAMS 0x0000000084600000, 0x0000000084600000| Untracked 
|  50|0x0000000084600000, 0x0000000084700000, 0x0000000084700000|100%| O|  |TAMS 0x0000000084700000, 0x0000000084700000| Untracked 
|  51|0x0000000084700000, 0x0000000084800000, 0x0000000084800000|100%| O|  |TAMS 0x0000000084786c00, 0x0000000084800000| Untracked 
|  52|0x0000000084800000, 0x0000000084900000, 0x0000000084900000|100%| O|  |TAMS 0x0000000084800000, 0x0000000084900000| Untracked 
|  53|0x0000000084900000, 0x0000000084a00000, 0x0000000084a00000|100%| O|  |TAMS 0x0000000084900000, 0x0000000084a00000| Untracked 
|  54|0x0000000084a00000, 0x0000000084b00000, 0x0000000084b00000|100%| O|  |TAMS 0x0000000084a00000, 0x0000000084b00000| Untracked 
|  55|0x0000000084b00000, 0x0000000084c00000, 0x0000000084c00000|100%|HS|  |TAMS 0x0000000084b00000, 0x0000000084c00000| Complete 
|  56|0x0000000084c00000, 0x0000000084d00000, 0x0000000084d00000|100%|HC|  |TAMS 0x0000000084c00000, 0x0000000084d00000| Complete 
|  57|0x0000000084d00000, 0x0000000084e00000, 0x0000000084e00000|100%| O|  |TAMS 0x0000000084d00000, 0x0000000084e00000| Untracked 
|  58|0x0000000084e00000, 0x0000000084f00000, 0x0000000084f00000|100%| O|  |TAMS 0x0000000084e00000, 0x0000000084f00000| Untracked 
|  59|0x0000000084f00000, 0x0000000085000000, 0x0000000085000000|100%| O|  |TAMS 0x0000000084f00000, 0x0000000085000000| Untracked 
|  60|0x0000000085000000, 0x0000000085100000, 0x0000000085100000|100%| O|  |TAMS 0x0000000085000000, 0x0000000085100000| Untracked 
|  61|0x0000000085100000, 0x0000000085200000, 0x0000000085200000|100%| O|  |TAMS 0x0000000085100000, 0x0000000085200000| Untracked 
|  62|0x0000000085200000, 0x0000000085300000, 0x0000000085300000|100%| O|  |TAMS 0x0000000085200000, 0x0000000085300000| Untracked 
|  63|0x0000000085300000, 0x0000000085400000, 0x0000000085400000|100%| O|  |TAMS 0x0000000085300000, 0x0000000085400000| Untracked 
|  64|0x0000000085400000, 0x000000008548a800, 0x0000000085500000| 54%| O|  |TAMS 0x0000000085400000, 0x000000008548a800| Untracked 
|  65|0x0000000085500000, 0x0000000085500000, 0x0000000085600000|  0%| F|  |TAMS 0x0000000085500000, 0x0000000085500000| Untracked 
|  66|0x0000000085600000, 0x0000000085600000, 0x0000000085700000|  0%| F|  |TAMS 0x0000000085600000, 0x0000000085600000| Untracked 
|  67|0x0000000085700000, 0x0000000085700000, 0x0000000085800000|  0%| F|  |TAMS 0x0000000085700000, 0x0000000085700000| Untracked 
|  68|0x0000000085800000, 0x0000000085800000, 0x0000000085900000|  0%| F|  |TAMS 0x0000000085800000, 0x0000000085800000| Untracked 
|  69|0x0000000085900000, 0x0000000085900000, 0x0000000085a00000|  0%| F|  |TAMS 0x0000000085900000, 0x0000000085900000| Untracked 
|  70|0x0000000085a00000, 0x0000000085a00000, 0x0000000085b00000|  0%| F|  |TAMS 0x0000000085a00000, 0x0000000085a00000| Untracked 
|  71|0x0000000085b00000, 0x0000000085b00000, 0x0000000085c00000|  0%| F|  |TAMS 0x0000000085b00000, 0x0000000085b00000| Untracked 
|  72|0x0000000085c00000, 0x0000000085c00000, 0x0000000085d00000|  0%| F|  |TAMS 0x0000000085c00000, 0x0000000085c00000| Untracked 
|  73|0x0000000085d00000, 0x0000000085d00000, 0x0000000085e00000|  0%| F|  |TAMS 0x0000000085d00000, 0x0000000085d00000| Untracked 
|  74|0x0000000085e00000, 0x0000000085e00000, 0x0000000085f00000|  0%| F|  |TAMS 0x0000000085e00000, 0x0000000085e00000| Untracked 
|  75|0x0000000085f00000, 0x0000000085f00000, 0x0000000086000000|  0%| F|  |TAMS 0x0000000085f00000, 0x0000000085f00000| Untracked 
|  76|0x0000000086000000, 0x0000000086000000, 0x0000000086100000|  0%| F|  |TAMS 0x0000000086000000, 0x0000000086000000| Untracked 
|  77|0x0000000086100000, 0x0000000086100000, 0x0000000086200000|  0%| F|  |TAMS 0x0000000086100000, 0x0000000086100000| Untracked 
|  78|0x0000000086200000, 0x0000000086200000, 0x0000000086300000|  0%| F|  |TAMS 0x0000000086200000, 0x0000000086200000| Untracked 
|  79|0x0000000086300000, 0x0000000086300000, 0x0000000086400000|  0%| F|  |TAMS 0x0000000086300000, 0x0000000086300000| Untracked 
|  80|0x0000000086400000, 0x0000000086400000, 0x0000000086500000|  0%| F|  |TAMS 0x0000000086400000, 0x0000000086400000| Untracked 
|  81|0x0000000086500000, 0x0000000086500000, 0x0000000086600000|  0%| F|  |TAMS 0x0000000086500000, 0x0000000086500000| Untracked 
|  82|0x0000000086600000, 0x0000000086619d90, 0x0000000086700000| 10%| S|CS|TAMS 0x0000000086600000, 0x0000000086600000| Complete 
|  83|0x0000000086700000, 0x0000000086800000, 0x0000000086800000|100%| S|CS|TAMS 0x0000000086700000, 0x0000000086700000| Complete 
|  84|0x0000000086800000, 0x0000000086900000, 0x0000000086900000|100%| S|CS|TAMS 0x0000000086800000, 0x0000000086800000| Complete 
|  85|0x0000000086900000, 0x0000000086a00000, 0x0000000086a00000|100%| S|CS|TAMS 0x0000000086900000, 0x0000000086900000| Complete 
|  86|0x0000000086a00000, 0x0000000086a00000, 0x0000000086b00000|  0%| F|  |TAMS 0x0000000086a00000, 0x0000000086a00000| Untracked 
|  87|0x0000000086b00000, 0x0000000086b00000, 0x0000000086c00000|  0%| F|  |TAMS 0x0000000086b00000, 0x0000000086b00000| Untracked 
|  88|0x0000000086c00000, 0x0000000086c00000, 0x0000000086d00000|  0%| F|  |TAMS 0x0000000086c00000, 0x0000000086c00000| Untracked 
|  89|0x0000000086d00000, 0x0000000086d00000, 0x0000000086e00000|  0%| F|  |TAMS 0x0000000086d00000, 0x0000000086d00000| Untracked 
|  90|0x0000000086e00000, 0x0000000086e00000, 0x0000000086f00000|  0%| F|  |TAMS 0x0000000086e00000, 0x0000000086e00000| Untracked 
|  91|0x0000000086f00000, 0x0000000086f00000, 0x0000000087000000|  0%| F|  |TAMS 0x0000000086f00000, 0x0000000086f00000| Untracked 
|  92|0x0000000087000000, 0x0000000087000000, 0x0000000087100000|  0%| F|  |TAMS 0x0000000087000000, 0x0000000087000000| Untracked 
|  93|0x0000000087100000, 0x0000000087100000, 0x0000000087200000|  0%| F|  |TAMS 0x0000000087100000, 0x0000000087100000| Untracked 
|  94|0x0000000087200000, 0x0000000087200000, 0x0000000087300000|  0%| F|  |TAMS 0x0000000087200000, 0x0000000087200000| Untracked 
|  95|0x0000000087300000, 0x0000000087300000, 0x0000000087400000|  0%| F|  |TAMS 0x0000000087300000, 0x0000000087300000| Untracked 
|  96|0x0000000087400000, 0x0000000087400000, 0x0000000087500000|  0%| F|  |TAMS 0x0000000087400000, 0x0000000087400000| Untracked 
|  97|0x0000000087500000, 0x0000000087500000, 0x0000000087600000|  0%| F|  |TAMS 0x0000000087500000, 0x0000000087500000| Untracked 
|  98|0x0000000087600000, 0x0000000087600000, 0x0000000087700000|  0%| F|  |TAMS 0x0000000087600000, 0x0000000087600000| Untracked 
|  99|0x0000000087700000, 0x0000000087700000, 0x0000000087800000|  0%| F|  |TAMS 0x0000000087700000, 0x0000000087700000| Untracked 
| 100|0x0000000087800000, 0x0000000087800000, 0x0000000087900000|  0%| F|  |TAMS 0x0000000087800000, 0x0000000087800000| Untracked 
| 101|0x0000000087900000, 0x0000000087900000, 0x0000000087a00000|  0%| F|  |TAMS 0x0000000087900000, 0x0000000087900000| Untracked 
| 102|0x0000000087a00000, 0x0000000087a00000, 0x0000000087b00000|  0%| F|  |TAMS 0x0000000087a00000, 0x0000000087a00000| Untracked 
| 103|0x0000000087b00000, 0x0000000087b00000, 0x0000000087c00000|  0%| F|  |TAMS 0x0000000087b00000, 0x0000000087b00000| Untracked 
| 104|0x0000000087c00000, 0x0000000087c00000, 0x0000000087d00000|  0%| F|  |TAMS 0x0000000087c00000, 0x0000000087c00000| Untracked 
| 105|0x0000000087d00000, 0x0000000087d00000, 0x0000000087e00000|  0%| F|  |TAMS 0x0000000087d00000, 0x0000000087d00000| Untracked 
| 106|0x0000000087e00000, 0x0000000087e00000, 0x0000000087f00000|  0%| F|  |TAMS 0x0000000087e00000, 0x0000000087e00000| Untracked 
| 107|0x0000000087f00000, 0x0000000087f00000, 0x0000000088000000|  0%| F|  |TAMS 0x0000000087f00000, 0x0000000087f00000| Untracked 
| 108|0x0000000088000000, 0x0000000088000000, 0x0000000088100000|  0%| F|  |TAMS 0x0000000088000000, 0x0000000088000000| Untracked 
| 109|0x0000000088100000, 0x0000000088100000, 0x0000000088200000|  0%| F|  |TAMS 0x0000000088100000, 0x0000000088100000| Untracked 
| 110|0x0000000088200000, 0x0000000088200000, 0x0000000088300000|  0%| F|  |TAMS 0x0000000088200000, 0x0000000088200000| Untracked 
| 111|0x0000000088300000, 0x0000000088300000, 0x0000000088400000|  0%| F|  |TAMS 0x0000000088300000, 0x0000000088300000| Untracked 
| 112|0x0000000088400000, 0x0000000088400000, 0x0000000088500000|  0%| F|  |TAMS 0x0000000088400000, 0x0000000088400000| Untracked 
| 113|0x0000000088500000, 0x0000000088500000, 0x0000000088600000|  0%| F|  |TAMS 0x0000000088500000, 0x0000000088500000| Untracked 
| 114|0x0000000088600000, 0x0000000088600000, 0x0000000088700000|  0%| F|  |TAMS 0x0000000088600000, 0x0000000088600000| Untracked 
| 115|0x0000000088700000, 0x0000000088700000, 0x0000000088800000|  0%| F|  |TAMS 0x0000000088700000, 0x0000000088700000| Untracked 
| 116|0x0000000088800000, 0x0000000088800000, 0x0000000088900000|  0%| F|  |TAMS 0x0000000088800000, 0x0000000088800000| Untracked 
| 117|0x0000000088900000, 0x0000000088900000, 0x0000000088a00000|  0%| F|  |TAMS 0x0000000088900000, 0x0000000088900000| Untracked 
| 118|0x0000000088a00000, 0x0000000088a00000, 0x0000000088b00000|  0%| F|  |TAMS 0x0000000088a00000, 0x0000000088a00000| Untracked 
| 119|0x0000000088b00000, 0x0000000088b00000, 0x0000000088c00000|  0%| F|  |TAMS 0x0000000088b00000, 0x0000000088b00000| Untracked 
| 120|0x0000000088c00000, 0x0000000088c00000, 0x0000000088d00000|  0%| F|  |TAMS 0x0000000088c00000, 0x0000000088c00000| Untracked 
| 121|0x0000000088d00000, 0x0000000088d00000, 0x0000000088e00000|  0%| F|  |TAMS 0x0000000088d00000, 0x0000000088d00000| Untracked 
| 122|0x0000000088e00000, 0x0000000088e00000, 0x0000000088f00000|  0%| F|  |TAMS 0x0000000088e00000, 0x0000000088e00000| Untracked 
| 123|0x0000000088f00000, 0x0000000088f00000, 0x0000000089000000|  0%| F|  |TAMS 0x0000000088f00000, 0x0000000088f00000| Untracked 
| 124|0x0000000089000000, 0x0000000089000000, 0x0000000089100000|  0%| F|  |TAMS 0x0000000089000000, 0x0000000089000000| Untracked 
| 125|0x0000000089100000, 0x0000000089100000, 0x0000000089200000|  0%| F|  |TAMS 0x0000000089100000, 0x0000000089100000| Untracked 
| 126|0x0000000089200000, 0x0000000089200000, 0x0000000089300000|  0%| F|  |TAMS 0x0000000089200000, 0x0000000089200000| Untracked 
| 127|0x0000000089300000, 0x0000000089300000, 0x0000000089400000|  0%| F|  |TAMS 0x0000000089300000, 0x0000000089300000| Untracked 

Card table byte_map: [0x000001c580400000,0x000001c580800000] _byte_map_base: 0x000001c57fff6000

Marking Bits (Prev, Next): (CMBitMap*) 0x000001c5e915dfc0, (CMBitMap*) 0x000001c5e915df80
 Prev Bits: [0x000001c582bb0000, 0x000001c584b60000)
 Next Bits: [0x000001c580c00000, 0x000001c582bb0000)

Polling page: 0x000001c5e7290000

Metaspace:

Usage:
  Non-class:     47.71 MB used.
      Class:      6.14 MB used.
       Both:     53.85 MB used.

Virtual space:
  Non-class space:       64.00 MB reserved,      47.88 MB ( 75%) committed,  1 nodes.
      Class space:        1.00 GB reserved,       6.31 MB ( <1%) committed,  1 nodes.
             Both:        1.06 GB reserved,      54.19 MB (  5%) committed. 

Chunk freelists:
   Non-Class:  15.05 MB
       Class:  9.73 MB
        Both:  24.78 MB

MaxMetaspaceSize: unlimited
CompressedClassSpaceSize: 1.00 GB
Initial GC threshold: 21.00 MB
Current GC threshold: 87.12 MB
CDS: on
MetaspaceReclaimPolicy: balanced
 - commit_granule_bytes: 65536.
 - commit_granule_words: 8192.
 - virtual_space_node_default_size: 8388608.
 - enlarge_chunks_in_place: 1.
 - new_chunks_are_fully_committed: 0.
 - uncommit_free_chunks: 1.
 - use_allocation_guard: 0.
 - handle_deallocations: 1.


Internal statistics:

num_allocs_failed_limit: 3.
num_arena_births: 314.
num_arena_deaths: 0.
num_vsnodes_births: 2.
num_vsnodes_deaths: 0.
num_space_committed: 865.
num_space_uncommitted: 0.
num_chunks_returned_to_freelist: 3.
num_chunks_taken_from_freelist: 2380.
num_chunk_merges: 3.
num_chunk_splits: 1835.
num_chunks_enlarged: 1588.
num_inconsistent_stats: 0.

CodeHeap 'non-profiled nmethods': size=120000Kb used=5584Kb max_used=5751Kb free=114415Kb
 bounds [0x000001c5f8700000, 0x000001c5f8ca0000, 0x000001c5ffc30000]
CodeHeap 'profiled nmethods': size=120000Kb used=28235Kb max_used=29490Kb free=91764Kb
 bounds [0x000001c5f0c30000, 0x000001c5f2900000, 0x000001c5f8160000]
CodeHeap 'non-nmethods': size=5760Kb used=1301Kb max_used=1432Kb free=4458Kb
 bounds [0x000001c5f8160000, 0x000001c5f83d0000, 0x000001c5f8700000]
 total_blobs=10032 nmethods=9423 adapters=519
 compilation: enabled
              stopped_count=0, restarted_count=0
 full_count=0

Compilation events (20 events):
Event: 42.697 Thread 0x000001c5875bfcb0 11558       3       org.jetbrains.kotlin.types.RangeUtilKt::getRangeOrProgressionElementType (588 bytes)
Event: 42.708 Thread 0x000001c5875bfcb0 nmethod 11558 0x000001c5f1938c10 code [0x000001c5f1939ba0, 0x000001c5f1942778]
Event: 42.712 Thread 0x000001c5875bfcb0 11561       3       org.jetbrains.kotlin.descriptors.impl.TypeParameterDescriptorImpl::setInitialized (10 bytes)
Event: 42.714 Thread 0x000001c5875bfcb0 nmethod 11561 0x000001c5f175f590 code [0x000001c5f175f720, 0x000001c5f175f868]
Event: 42.728 Thread 0x000001c5875bfcb0 11563   !   3       org.jetbrains.kotlin.com.intellij.openapi.progress.impl.CoreProgressManager::computeUnderProgress (150 bytes)
Event: 42.729 Thread 0x000001c5875bfcb0 nmethod 11563 0x000001c5f140d090 code [0x000001c5f140d320, 0x000001c5f140de58]
Event: 42.729 Thread 0x000001c5875bfcb0 11562       3       org.jetbrains.kotlin.resolve.DescriptorEquivalenceForOverrides::areTypeParametersEquivalent (90 bytes)
Event: 42.730 Thread 0x000001c5cf3f4b10 11557       4       org.jetbrains.kotlin.resolve.DescriptorUtils::isLocal (42 bytes)
Event: 42.730 Thread 0x000001c5875bfcb0 nmethod 11562 0x000001c5f12d9710 code [0x000001c5f12d9ac0, 0x000001c5f12db548]
Event: 42.734 Thread 0x000001c5cf3f4b10 nmethod 11557 0x000001c5f8c50690 code [0x000001c5f8c50840, 0x000001c5f8c50bf8]
Event: 42.735 Thread 0x000001c5cf3f4b10 11559       4       java.lang.Integer::stringSize (47 bytes)
Event: 42.736 Thread 0x000001c5cf3f4b10 nmethod 11559 0x000001c5f8bca190 code [0x000001c5f8bca300, 0x000001c5f8bca3f8]
Event: 42.736 Thread 0x000001c5cf3f4b10 11560       4       java.lang.Integer::getChars (131 bytes)
Event: 42.737 Thread 0x000001c5875bfcb0 11565       3       org.jetbrains.kotlin.resolve.calls.inference.components.VariableFixationFinder::areAllProperConstraintsSelfTypeBased (164 bytes)
Event: 42.739 Thread 0x000001c5875bfcb0 nmethod 11565 0x000001c5f16f1590 code [0x000001c5f16f18a0, 0x000001c5f16f2d98]
Event: 42.739 Thread 0x000001c5875bfcb0 11566       3       org.jetbrains.kotlin.resolve.calls.inference.components.VariableFixationFinder::variableHasProperArgumentConstraints (237 bytes)
Event: 42.741 Thread 0x000001c5875bfcb0 nmethod 11566 0x000001c5f18f5c10 code [0x000001c5f18f6040, 0x000001c5f18f8308]
Event: 42.741 Thread 0x000001c5875bfcb0 11567       3       org.jetbrains.kotlin.resolve.calls.inference.components.VariableFixationFinder::hasDependencyToOtherTypeVariables (114 bytes)
Event: 42.741 Thread 0x000001c5cf3f4b10 nmethod 11560 0x000001c5f8bc9a90 code [0x000001c5f8bc9c20, 0x000001c5f8bc9f78]
Event: 42.741 Thread 0x000001c5cf3f4b10 11564       4       org.jetbrains.kotlin.types.TypeConstructorSubstitution$Companion::createByConstructorsMap (15 bytes)

GC Heap History (20 events):
Event: 11.616 GC heap after
{Heap after GC invocations=13 (full 0):
 garbage-first heap   total 58368K, used 32286K [0x0000000081400000, 0x0000000100000000)
  region size 1024K, 2 young (2048K), 2 survivors (2048K)
 Metaspace       used 39106K, committed 39424K, reserved 1114112K
  class space    used 4708K, committed 4864K, reserved 1048576K
}
Event: 12.467 GC heap before
{Heap before GC invocations=14 (full 0):
 garbage-first heap   total 58368K, used 45598K [0x0000000081400000, 0x0000000100000000)
  region size 1024K, 15 young (15360K), 2 survivors (2048K)
 Metaspace       used 40781K, committed 41024K, reserved 1114112K
  class space    used 4867K, committed 4992K, reserved 1048576K
}
Event: 12.480 GC heap after
{Heap after GC invocations=15 (full 0):
 garbage-first heap   total 58368K, used 34084K [0x0000000081400000, 0x0000000100000000)
  region size 1024K, 2 young (2048K), 2 survivors (2048K)
 Metaspace       used 40781K, committed 41024K, reserved 1114112K
  class space    used 4867K, committed 4992K, reserved 1048576K
}
Event: 14.171 GC heap before
{Heap before GC invocations=15 (full 0):
 garbage-first heap   total 58368K, used 45348K [0x0000000081400000, 0x0000000100000000)
  region size 1024K, 14 young (14336K), 2 survivors (2048K)
 Metaspace       used 43704K, committed 43968K, reserved 1114112K
  class space    used 5323K, committed 5440K, reserved 1048576K
}
Event: 14.182 GC heap after
{Heap after GC invocations=16 (full 0):
 garbage-first heap   total 116736K, used 35632K [0x0000000081400000, 0x0000000100000000)
  region size 1024K, 2 young (2048K), 2 survivors (2048K)
 Metaspace       used 43704K, committed 43968K, reserved 1114112K
  class space    used 5323K, committed 5440K, reserved 1048576K
}
Event: 22.181 GC heap before
{Heap before GC invocations=17 (full 0):
 garbage-first heap   total 116736K, used 87856K [0x0000000081400000, 0x0000000100000000)
  region size 1024K, 53 young (54272K), 2 survivors (2048K)
 Metaspace       used 48228K, committed 48512K, reserved 1114112K
  class space    used 5755K, committed 5888K, reserved 1048576K
}
Event: 22.251 GC heap after
{Heap after GC invocations=18 (full 0):
 garbage-first heap   total 116736K, used 45682K [0x0000000081400000, 0x0000000100000000)
  region size 1024K, 7 young (7168K), 7 survivors (7168K)
 Metaspace       used 48228K, committed 48512K, reserved 1114112K
  class space    used 5755K, committed 5888K, reserved 1048576K
}
Event: 22.333 GC heap before
{Heap before GC invocations=18 (full 0):
 garbage-first heap   total 116736K, used 46706K [0x0000000081400000, 0x0000000100000000)
  region size 1024K, 8 young (8192K), 7 survivors (7168K)
 Metaspace       used 48256K, committed 48512K, reserved 1114112K
  class space    used 5755K, committed 5888K, reserved 1048576K
}
Event: 22.354 GC heap after
{Heap after GC invocations=19 (full 0):
 garbage-first heap   total 116736K, used 46442K [0x0000000081400000, 0x0000000100000000)
  region size 1024K, 1 young (1024K), 1 survivors (1024K)
 Metaspace       used 48256K, committed 48512K, reserved 1114112K
  class space    used 5755K, committed 5888K, reserved 1048576K
}
Event: 24.519 GC heap before
{Heap before GC invocations=19 (full 0):
 garbage-first heap   total 116736K, used 84330K [0x0000000081400000, 0x0000000100000000)
  region size 1024K, 38 young (38912K), 1 survivors (1024K)
 Metaspace       used 48768K, committed 49088K, reserved 1114112K
  class space    used 5791K, committed 5952K, reserved 1048576K
}
Event: 24.550 GC heap after
{Heap after GC invocations=20 (full 0):
 garbage-first heap   total 116736K, used 52736K [0x0000000081400000, 0x0000000100000000)
  region size 1024K, 5 young (5120K), 5 survivors (5120K)
 Metaspace       used 48768K, committed 49088K, reserved 1114112K
  class space    used 5791K, committed 5952K, reserved 1048576K
}
Event: 26.685 GC heap before
{Heap before GC invocations=20 (full 0):
 garbage-first heap   total 116736K, used 87552K [0x0000000081400000, 0x0000000100000000)
  region size 1024K, 39 young (39936K), 5 survivors (5120K)
 Metaspace       used 50263K, committed 50560K, reserved 1114112K
  class space    used 5909K, committed 6080K, reserved 1048576K
}
Event: 26.715 GC heap after
{Heap after GC invocations=21 (full 0):
 garbage-first heap   total 116736K, used 56255K [0x0000000081400000, 0x0000000100000000)
  region size 1024K, 4 young (4096K), 4 survivors (4096K)
 Metaspace       used 50263K, committed 50560K, reserved 1114112K
  class space    used 5909K, committed 6080K, reserved 1048576K
}
Event: 32.063 GC heap before
{Heap before GC invocations=21 (full 0):
 garbage-first heap   total 116736K, used 90047K [0x0000000081400000, 0x0000000100000000)
  region size 1024K, 37 young (37888K), 4 survivors (4096K)
 Metaspace       used 53238K, committed 53504K, reserved 1114112K
  class space    used 6119K, committed 6272K, reserved 1048576K
}
Event: 32.091 GC heap after
{Heap after GC invocations=22 (full 0):
 garbage-first heap   total 116736K, used 59231K [0x0000000081400000, 0x0000000100000000)
  region size 1024K, 3 young (3072K), 3 survivors (3072K)
 Metaspace       used 53238K, committed 53504K, reserved 1114112K
  class space    used 6119K, committed 6272K, reserved 1048576K
}
Event: 38.961 GC heap before
{Heap before GC invocations=23 (full 0):
 garbage-first heap   total 116736K, used 95071K [0x0000000081400000, 0x0000000100000000)
  region size 1024K, 36 young (36864K), 3 survivors (3072K)
 Metaspace       used 54319K, committed 54592K, reserved 1114112K
  class space    used 6209K, committed 6336K, reserved 1048576K
}
Event: 38.985 GC heap after
{Heap after GC invocations=24 (full 0):
 garbage-first heap   total 116736K, used 65460K [0x0000000081400000, 0x0000000100000000)
  region size 1024K, 5 young (5120K), 5 survivors (5120K)
 Metaspace       used 54319K, committed 54592K, reserved 1114112K
  class space    used 6209K, committed 6336K, reserved 1048576K
}
Event: 39.136 GC heap before
{Heap before GC invocations=24 (full 0):
 garbage-first heap   total 116736K, used 66484K [0x0000000081400000, 0x0000000100000000)
  region size 1024K, 6 young (6144K), 5 survivors (5120K)
 Metaspace       used 54329K, committed 54592K, reserved 1114112K
  class space    used 6209K, committed 6336K, reserved 1048576K
}
Event: 39.153 GC heap after
{Heap after GC invocations=25 (full 0):
 garbage-first heap   total 116736K, used 65835K [0x0000000081400000, 0x0000000100000000)
  region size 1024K, 1 young (1024K), 1 survivors (1024K)
 Metaspace       used 54329K, committed 54592K, reserved 1114112K
  class space    used 6209K, committed 6336K, reserved 1048576K
}
Event: 42.741 GC heap before
{Heap before GC invocations=25 (full 0):
 garbage-first heap   total 116736K, used 94507K [0x0000000081400000, 0x0000000100000000)
  region size 1024K, 28 young (28672K), 1 survivors (1024K)
 Metaspace       used 55140K, committed 55488K, reserved 1114112K
  class space    used 6286K, committed 6464K, reserved 1048576K
}

Dll operation events (7 events):
Event: 0.010 Loaded shared library C:\Program Files\Microsoft\jdk-17.0.11.9-hotspot\bin\java.dll
Event: 0.035 Loaded shared library C:\Program Files\Microsoft\jdk-17.0.11.9-hotspot\bin\jsvml.dll
Event: 0.089 Loaded shared library C:\Program Files\Microsoft\jdk-17.0.11.9-hotspot\bin\net.dll
Event: 0.091 Loaded shared library C:\Program Files\Microsoft\jdk-17.0.11.9-hotspot\bin\nio.dll
Event: 0.125 Loaded shared library C:\Program Files\Microsoft\jdk-17.0.11.9-hotspot\bin\zip.dll
Event: 0.160 Loaded shared library C:\Program Files\Microsoft\jdk-17.0.11.9-hotspot\bin\jimage.dll
Event: 1.629 Loaded shared library C:\Program Files\Microsoft\jdk-17.0.11.9-hotspot\bin\verify.dll

Deoptimization events (20 events):
Event: 42.562 Thread 0x000001c5e9104320 Uncommon trap: trap_request=0xffffff45 fr.pc=0x000001c5f8994004 relative=0x0000000000000d04
Event: 42.562 Thread 0x000001c5e9104320 Uncommon trap: reason=unstable_if action=reinterpret pc=0x000001c5f8994004 method=org.jetbrains.kotlin.it.unimi.dsi.fastutil.ints.Int2ObjectOpenHashMap.find(I)I @ 58 c2
Event: 42.562 Thread 0x000001c5e9104320 DEOPT PACKING pc=0x000001c5f8994004 sp=0x000000a65a2fa0d0
Event: 42.562 Thread 0x000001c5e9104320 DEOPT UNPACKING pc=0x000001c5f81b69a3 sp=0x000000a65a2fa020 mode 2
Event: 42.573 Thread 0x000001c5e9104320 Uncommon trap: trap_request=0xffffffc6 fr.pc=0x000001c5f8a1a81c relative=0x00000000000001fc
Event: 42.573 Thread 0x000001c5e9104320 Uncommon trap: reason=bimorphic_or_optimized_type_check action=maybe_recompile pc=0x000001c5f8a1a81c method=org.jetbrains.kotlin.com.intellij.psi.impl.source.tree.CompositeElement.findChildByType(Lorg/jetbrains/kotlin/com/intellij/psi/tree/TokenSet;)Lorg/
Event: 42.573 Thread 0x000001c5e9104320 DEOPT PACKING pc=0x000001c5f8a1a81c sp=0x000000a65a2fac00
Event: 42.573 Thread 0x000001c5e9104320 DEOPT UNPACKING pc=0x000001c5f81b69a3 sp=0x000000a65a2fabb8 mode 2
Event: 42.573 Thread 0x000001c5e9104320 Uncommon trap: trap_request=0xffffffc6 fr.pc=0x000001c5f8a1a81c relative=0x00000000000001fc
Event: 42.573 Thread 0x000001c5e9104320 Uncommon trap: reason=bimorphic_or_optimized_type_check action=maybe_recompile pc=0x000001c5f8a1a81c method=org.jetbrains.kotlin.com.intellij.psi.impl.source.tree.CompositeElement.findChildByType(Lorg/jetbrains/kotlin/com/intellij/psi/tree/TokenSet;)Lorg/
Event: 42.573 Thread 0x000001c5e9104320 DEOPT PACKING pc=0x000001c5f8a1a81c sp=0x000000a65a2fac60
Event: 42.573 Thread 0x000001c5e9104320 DEOPT UNPACKING pc=0x000001c5f81b69a3 sp=0x000000a65a2fac18 mode 2
Event: 42.640 Thread 0x000001c5e9104320 Uncommon trap: trap_request=0xffffff45 fr.pc=0x000001c5f8a93828 relative=0x0000000000000868
Event: 42.640 Thread 0x000001c5e9104320 Uncommon trap: reason=unstable_if action=reinterpret pc=0x000001c5f8a93828 method=java.util.regex.Matcher.reset()Ljava/util/regex/Matcher; @ 47 c2
Event: 42.640 Thread 0x000001c5e9104320 DEOPT PACKING pc=0x000001c5f8a93828 sp=0x000000a65a2f9730
Event: 42.640 Thread 0x000001c5e9104320 DEOPT UNPACKING pc=0x000001c5f81b69a3 sp=0x000000a65a2f9600 mode 2
Event: 42.640 Thread 0x000001c5e9104320 Uncommon trap: trap_request=0xffffff45 fr.pc=0x000001c5f8a9473c relative=0x00000000000009fc
Event: 42.640 Thread 0x000001c5e9104320 Uncommon trap: reason=unstable_if action=reinterpret pc=0x000001c5f8a9473c method=java.util.regex.Matcher.reset()Ljava/util/regex/Matcher; @ 47 c2
Event: 42.640 Thread 0x000001c5e9104320 DEOPT PACKING pc=0x000001c5f8a9473c sp=0x000000a65a2f96b0
Event: 42.640 Thread 0x000001c5e9104320 DEOPT UNPACKING pc=0x000001c5f81b69a3 sp=0x000000a65a2f95f8 mode 2

Classes unloaded (0 events):
No events

Classes redefined (0 events):
No events

Internal exceptions (20 events):
Event: 13.756 Thread 0x000001c5e9104320 Exception <a 'java/lang/NoSuchMethodError'{0x0000000084315548}: 'java.lang.Object java.lang.invoke.DirectMethodHandle$Holder.newInvokeSpecial(java.lang.Object, java.lang.Object, java.lang.Object, java.lang.Object, int)'> (0x0000000084315548) 
thrown [s\src\hotspot\share\interpreter\linkResolver.cpp, line 759]
Event: 13.757 Thread 0x000001c5e9104320 Exception <a 'java/lang/NoSuchMethodError'{0x0000000084319b28}: 'java.lang.Object java.lang.invoke.DirectMethodHandle$Holder.invokeSpecial(java.lang.Object, java.lang.Object, java.lang.Object, java.lang.Object, java.lang.Object, int)'> (0x0000000084319b28) 
thrown [s\src\hotspot\share\interpreter\linkResolver.cpp, line 759]
Event: 13.757 Thread 0x000001c5e9104320 Exception <a 'java/lang/NoSuchMethodError'{0x000000008431dab8}: 'java.lang.Object java.lang.invoke.Invokers$Holder.linkToTargetMethod(java.lang.Object, java.lang.Object, java.lang.Object, int, java.lang.Object)'> (0x000000008431dab8) 
thrown [s\src\hotspot\share\interpreter\linkResolver.cpp, line 759]
Event: 13.935 Thread 0x000001c5e9104320 Exception <a 'java/lang/NoSuchMethodError'{0x00000000842636b8}: 'void java.lang.invoke.DirectMethodHandle$Holder.invokeInterface(java.lang.Object, java.lang.Object)'> (0x00000000842636b8) 
thrown [s\src\hotspot\share\interpreter\linkResolver.cpp, line 759]
Event: 16.072 Thread 0x000001c5e9104320 Exception <a 'java/lang/IncompatibleClassChangeError'{0x0000000087bc2300}: Found class java.lang.Object, but interface was expected> (0x0000000087bc2300) 
thrown [s\src\hotspot\share\interpreter\linkResolver.cpp, line 826]
Event: 17.275 Thread 0x000001c5e9104320 Exception <a 'java/lang/NoSuchMethodError'{0x00000000876b7b20}: 'java.lang.Object java.lang.invoke.DirectMethodHandle$Holder.invokeSpecial(java.lang.Object, java.lang.Object, java.lang.Object, java.lang.Object, java.lang.Object, java.lang.Object, int)'> (0x00000000876b7b20) 
thrown [s\src\hotspot\share\interpreter\linkResolver.cpp, line 759]
Event: 18.934 Thread 0x000001c5e9104320 Exception <a 'java/lang/NoSuchMethodError'{0x0000000087058b60}: 'java.lang.Object java.lang.invoke.DirectMethodHandle$Holder.invokeSpecial(java.lang.Object, java.lang.Object, int, java.lang.Object, java.lang.Object)'> (0x0000000087058b60) 
thrown [s\src\hotspot\share\interpreter\linkResolver.cpp, line 759]
Event: 19.031 Thread 0x000001c5e9104320 Exception <a 'java/lang/NoSuchMethodError'{0x0000000086f7b438}: 'int java.lang.invoke.DirectMethodHandle$Holder.invokeStaticInit(java.lang.Object, int)'> (0x0000000086f7b438) 
thrown [s\src\hotspot\share\interpreter\linkResolver.cpp, line 759]
Event: 19.726 Thread 0x000001c5e9104320 Exception <a 'java/lang/NoSuchMethodError'{0x000000008687c150}: 'java.lang.Object java.lang.invoke.DirectMethodHandle$Holder.invokeStatic(java.lang.Object, int, java.lang.Object)'> (0x000000008687c150) 
thrown [s\src\hotspot\share\interpreter\linkResolver.cpp, line 759]
Event: 20.030 Thread 0x000001c5e9104320 Exception <a 'java/lang/NoSuchMethodError'{0x0000000086543688}: 'int java.lang.invoke.DirectMethodHandle$Holder.invokeInterface(java.lang.Object, java.lang.Object)'> (0x0000000086543688) 
thrown [s\src\hotspot\share\interpreter\linkResolver.cpp, line 759]
Event: 20.374 Thread 0x000001c5e9104320 Exception <a 'java/lang/NoSuchMethodError'{0x00000000861df0f8}: 'java.lang.Object java.lang.invoke.DirectMethodHandle$Holder.invokeStatic(java.lang.Object, int, java.lang.Object, java.lang.Object)'> (0x00000000861df0f8) 
thrown [s\src\hotspot\share\interpreter\linkResolver.cpp, line 759]
Event: 20.376 Thread 0x000001c5e9104320 Exception <a 'java/lang/NoSuchMethodError'{0x00000000861e7258}: 'java.lang.Object java.lang.invoke.DirectMethodHandle$Holder.newInvokeSpecial(java.lang.Object, int, java.lang.Object)'> (0x00000000861e7258) 
thrown [s\src\hotspot\share\interpreter\linkResolver.cpp, line 759]
Event: 24.954 Thread 0x000001c5e9104320 Exception <a 'java/lang/NoSuchMethodError'{0x0000000088130ab0}: 'java.lang.Object java.lang.invoke.DirectMethodHandle$Holder.invokeInterface(java.lang.Object, java.lang.Object, java.lang.Object)'> (0x0000000088130ab0) 
thrown [s\src\hotspot\share\interpreter\linkResolver.cpp, line 759]
Event: 24.954 Thread 0x000001c5e9104320 Exception <a 'java/lang/IncompatibleClassChangeError'{0x0000000088134420}: Found class java.lang.Object, but interface was expected> (0x0000000088134420) 
thrown [s\src\hotspot\share\interpreter\linkResolver.cpp, line 826]
Event: 25.207 Thread 0x000001c5e9104320 Exception <a 'java/lang/NoSuchMethodError'{0x000000008761bbe8}: 'java.lang.Object java.lang.invoke.DirectMethodHandle$Holder.newInvokeSpecial(java.lang.Object, java.lang.Object, java.lang.Object, java.lang.Object, java.lang.Object, java.lang.Object, java.lang.Object)'> (0x000000008761bbe8) 
thrown [s\src\hotspot\share\interpreter\linkResolver.cpp, line 759]
Event: 25.208 Thread 0x000001c5e9104320 Exception <a 'java/lang/NoSuchMethodError'{0x00000000876207a0}: 'java.lang.Object java.lang.invoke.Invokers$Holder.linkToTargetMethod(java.lang.Object, java.lang.Object, java.lang.Object, java.lang.Object, java.lang.Object, java.lang.Object, java.lang.Object)'> (0x00000000876207a0) 
thrown [s\src\hotspot\share\interpreter\linkResolver.cpp, line 759]
Event: 26.915 Thread 0x000001c5e9104320 Implicit null exception at 0x000001c5f8af2153 to 0x000001c5f8afa230
Event: 26.917 Thread 0x000001c5e9104320 Implicit null exception at 0x000001c5f8a597c3 to 0x000001c5f8a59a95
Event: 33.119 Thread 0x000001c5e9104320 Implicit null exception at 0x000001c5f8af2d6c to 0x000001c5f8afaa98
Event: 33.669 Thread 0x000001c5e9104320 Implicit null exception at 0x000001c5f8b6c22c to 0x000001c5f8b6c2f8

VM Operations (20 events):
Event: 39.398 Executing VM operation: HandshakeAllThreads done
Event: 39.593 Executing VM operation: ICBufferFull
Event: 39.593 Executing VM operation: ICBufferFull done
Event: 40.168 Executing VM operation: ICBufferFull
Event: 40.168 Executing VM operation: ICBufferFull done
Event: 40.252 Executing VM operation: HandshakeAllThreads
Event: 40.269 Executing VM operation: HandshakeAllThreads done
Event: 40.339 Executing VM operation: HandshakeAllThreads
Event: 40.339 Executing VM operation: HandshakeAllThreads done
Event: 40.402 Executing VM operation: HandshakeAllThreads
Event: 40.402 Executing VM operation: HandshakeAllThreads done
Event: 40.721 Executing VM operation: ICBufferFull
Event: 40.721 Executing VM operation: ICBufferFull done
Event: 41.736 Executing VM operation: Cleanup
Event: 41.810 Executing VM operation: Cleanup done
Event: 42.580 Executing VM operation: HandshakeAllThreads
Event: 42.580 Executing VM operation: HandshakeAllThreads done
Event: 42.640 Executing VM operation: HandshakeAllThreads
Event: 42.640 Executing VM operation: HandshakeAllThreads done
Event: 42.741 Executing VM operation: G1CollectForAllocation

Events (20 events):
Event: 40.436 Thread 0x000001c5875c09b0 flushing nmethod 0x000001c5f22cef90
Event: 40.437 Thread 0x000001c5875c09b0 flushing nmethod 0x000001c5f23c8810
Event: 40.437 Thread 0x000001c5875c09b0 flushing nmethod 0x000001c5f23dad10
Event: 40.437 Thread 0x000001c5875c09b0 flushing nmethod 0x000001c5f241d290
Event: 40.437 Thread 0x000001c5875c09b0 flushing nmethod 0x000001c5f2421390
Event: 40.438 Thread 0x000001c5875c09b0 flushing nmethod 0x000001c5f245d190
Event: 40.438 Thread 0x000001c5875c09b0 flushing nmethod 0x000001c5f2475690
Event: 40.438 Thread 0x000001c5875c09b0 flushing nmethod 0x000001c5f249ad10
Event: 40.438 Thread 0x000001c5875c09b0 flushing nmethod 0x000001c5f24e7290
Event: 40.439 Thread 0x000001c5875c09b0 flushing nmethod 0x000001c5f2561c10
Event: 40.440 Thread 0x000001c5875c09b0 flushing nmethod 0x000001c5f25bb490
Event: 40.440 Thread 0x000001c5875c09b0 flushing nmethod 0x000001c5f25cd890
Event: 40.442 Thread 0x000001c5875c09b0 flushing nmethod 0x000001c5f276c410
Event: 40.532 Thread 0x000001c5cf3f9ac0 Thread exited: 0x000001c5cf3f9ac0
Event: 40.710 Thread 0x000001c5cf3f8580 Thread exited: 0x000001c5cf3f8580
Event: 40.743 Thread 0x000001c5cf3f9ac0 Thread added: 0x000001c5cf3f9ac0
Event: 41.096 Thread 0x000001c5cf3f9ac0 Thread exited: 0x000001c5cf3f9ac0
Event: 41.599 Thread 0x000001c5cf3f7ae0 Thread added: 0x000001c5cf3f7ae0
Event: 42.438 Thread 0x000001c5cf3f7ae0 Thread exited: 0x000001c5cf3f7ae0
Event: 42.708 Thread 0x000001c5cf3f4b10 Thread added: 0x000001c5cf3f4b10


Dynamic libraries:
0x00007ff66a480000 - 0x00007ff66a48e000 	C:\Program Files\Microsoft\jdk-17.0.11.9-hotspot\bin\java.exe
0x00007ff925c90000 - 0x00007ff925e88000 	C:\WINDOWS\SYSTEM32\ntdll.dll
0x00007ff923d50000 - 0x00007ff923e12000 	C:\WINDOWS\System32\KERNEL32.DLL
0x00007ff923380000 - 0x00007ff92367e000 	C:\WINDOWS\System32\KERNELBASE.dll
0x00007ff923890000 - 0x00007ff923990000 	C:\WINDOWS\System32\ucrtbase.dll
0x00007ff911e10000 - 0x00007ff911e2b000 	C:\Program Files\Microsoft\jdk-17.0.11.9-hotspot\bin\VCRUNTIME140.dll
0x00007ff918a40000 - 0x00007ff918a57000 	C:\Program Files\Microsoft\jdk-17.0.11.9-hotspot\bin\jli.dll
0x00007ff924d70000 - 0x00007ff924f0d000 	C:\WINDOWS\System32\USER32.dll
0x00007ff923ab0000 - 0x00007ff923ad2000 	C:\WINDOWS\System32\win32u.dll
0x00007ff924180000 - 0x00007ff9241ab000 	C:\WINDOWS\System32\GDI32.dll
0x00007ff923990000 - 0x00007ff923aa7000 	C:\WINDOWS\System32\gdi32full.dll
0x00007ff90a0c0000 - 0x00007ff90a35a000 	C:\WINDOWS\WinSxS\amd64_microsoft.windows.common-controls_6595b64144ccf1df_6.0.19041.4355_none_60b8b9eb71f62e16\COMCTL32.dll
0x00007ff923b50000 - 0x00007ff923bed000 	C:\WINDOWS\System32\msvcp_win.dll
0x00007ff923cb0000 - 0x00007ff923d4e000 	C:\WINDOWS\System32\msvcrt.dll
0x00007ff924150000 - 0x00007ff92417f000 	C:\WINDOWS\System32\IMM32.DLL
0x00007ff920080000 - 0x00007ff92008c000 	C:\Program Files\Microsoft\jdk-17.0.11.9-hotspot\bin\vcruntime140_1.dll
0x00007ff90cad0000 - 0x00007ff90cb5d000 	C:\Program Files\Microsoft\jdk-17.0.11.9-hotspot\bin\msvcp140.dll
0x00007ff8f22e0000 - 0x00007ff8f2f46000 	C:\Program Files\Microsoft\jdk-17.0.11.9-hotspot\bin\server\jvm.dll
0x00007ff923e20000 - 0x00007ff923ed1000 	C:\WINDOWS\System32\ADVAPI32.dll
0x00007ff924620000 - 0x00007ff9246bf000 	C:\WINDOWS\System32\sechost.dll
0x00007ff923ee0000 - 0x00007ff924003000 	C:\WINDOWS\System32\RPCRT4.dll
0x00007ff923bf0000 - 0x00007ff923c17000 	C:\WINDOWS\System32\bcrypt.dll
0x00007ff9230e0000 - 0x00007ff92312b000 	C:\WINDOWS\SYSTEM32\POWRPROF.dll
0x00007ff920850000 - 0x00007ff920859000 	C:\WINDOWS\SYSTEM32\WSOCK32.dll
0x00007ff908460000 - 0x00007ff908487000 	C:\WINDOWS\SYSTEM32\WINMM.dll
0x00007ff924360000 - 0x00007ff9243cb000 	C:\WINDOWS\System32\WS2_32.dll
0x00007ff91a360000 - 0x00007ff91a36a000 	C:\WINDOWS\SYSTEM32\VERSION.dll
0x00007ff9230c0000 - 0x00007ff9230d2000 	C:\WINDOWS\SYSTEM32\UMPDC.dll
0x00007ff921190000 - 0x00007ff9211a2000 	C:\WINDOWS\SYSTEM32\kernel.appcore.dll
0x00007ff911e40000 - 0x00007ff911e4a000 	C:\Program Files\Microsoft\jdk-17.0.11.9-hotspot\bin\jimage.dll
0x00007ff911550000 - 0x00007ff911734000 	C:\WINDOWS\SYSTEM32\DBGHELP.DLL
0x00007ff90def0000 - 0x00007ff90df24000 	C:\WINDOWS\SYSTEM32\dbgcore.DLL
0x00007ff923c20000 - 0x00007ff923ca2000 	C:\WINDOWS\System32\bcryptPrimitives.dll
0x00007ff90cef0000 - 0x00007ff90cf15000 	C:\Program Files\Microsoft\jdk-17.0.11.9-hotspot\bin\java.dll
0x00007ff8f6430000 - 0x00007ff8f6507000 	C:\Program Files\Microsoft\jdk-17.0.11.9-hotspot\bin\jsvml.dll
0x00007ff925040000 - 0x00007ff9257ad000 	C:\WINDOWS\System32\SHELL32.dll
0x00007ff921390000 - 0x00007ff921b34000 	C:\WINDOWS\SYSTEM32\windows.storage.dll
0x00007ff9258f0000 - 0x00007ff925c43000 	C:\WINDOWS\System32\combase.dll
0x00007ff922bb0000 - 0x00007ff922bde000 	C:\WINDOWS\SYSTEM32\Wldp.dll
0x00007ff9246c0000 - 0x00007ff92478d000 	C:\WINDOWS\System32\OLEAUT32.dll
0x00007ff924f90000 - 0x00007ff92503d000 	C:\WINDOWS\System32\SHCORE.dll
0x00007ff9245c0000 - 0x00007ff924615000 	C:\WINDOWS\System32\shlwapi.dll
0x00007ff923260000 - 0x00007ff923284000 	C:\WINDOWS\SYSTEM32\profapi.dll
0x00007ff90d500000 - 0x00007ff90d519000 	C:\Program Files\Microsoft\jdk-17.0.11.9-hotspot\bin\net.dll
0x00007ff91cba0000 - 0x00007ff91ccad000 	C:\WINDOWS\SYSTEM32\WINHTTP.dll
0x00007ff922990000 - 0x00007ff9229fa000 	C:\WINDOWS\system32\mswsock.dll
0x00007ff90d320000 - 0x00007ff90d336000 	C:\Program Files\Microsoft\jdk-17.0.11.9-hotspot\bin\nio.dll
0x00007ff90cf50000 - 0x00007ff90cf68000 	C:\Program Files\Microsoft\jdk-17.0.11.9-hotspot\bin\zip.dll
0x00007ff90cc00000 - 0x00007ff90cc10000 	C:\Program Files\Microsoft\jdk-17.0.11.9-hotspot\bin\verify.dll

dbghelp: loaded successfully - version: 4.0.5 - missing functions: none
symbol engine: initialized successfully - sym options: 0x614 - pdb path: .;C:\Program Files\Microsoft\jdk-17.0.11.9-hotspot\bin;C:\WINDOWS\SYSTEM32;C:\WINDOWS\WinSxS\amd64_microsoft.windows.common-controls_6595b64144ccf1df_6.0.19041.4355_none_60b8b9eb71f62e16;C:\Program Files\Microsoft\jdk-17.0.11.9-hotspot\bin\server

VM Arguments:
java_command: org.jetbrains.kotlin.cli.jvm.K2JVMCompiler @F:\BdCalling\react-native\PuetroRico\node_modules\react-native-gesture-handler\android\build\20241231_11215731046882849395.compiler.options
java_class_path (initial): C:\Users\TUT\.gradle\caches\modules-2\files-2.1\org.jetbrains.kotlin\kotlin-compiler-embeddable\1.9.22\9cd4dc7773cf2a99ecd961a88fbbc9a2da3fb5e1\kotlin-compiler-embeddable-1.9.22.jar;C:\Users\TUT\.gradle\caches\modules-2\files-2.1\org.jetbrains.kotlin\kotlin-stdlib\1.9.22\d6c44cd08d8f3f9bece8101216dbe6553365c6e3\kotlin-stdlib-1.9.22.jar;C:\Users\TUT\.gradle\caches\modules-2\files-2.1\org.jetbrains.kotlin\kotlin-script-runtime\1.9.22\f8139a46fc677ec9badc49ae954392f4f5e7e7c7\kotlin-script-runtime-1.9.22.jar;C:\Users\TUT\.gradle\caches\modules-2\files-2.1\org.jetbrains.kotlin\kotlin-reflect\1.6.10\1cbe9c92c12a94eea200d23c2bbaedaf3daf5132\kotlin-reflect-1.6.10.jar;C:\Users\TUT\.gradle\caches\modules-2\files-2.1\org.jetbrains.kotlin\kotlin-daemon-embeddable\1.9.22\20e2c5df715f3240c765cfc222530e2796542021\kotlin-daemon-embeddable-1.9.22.jar;C:\Users\TUT\.gradle\caches\modules-2\files-2.1\org.jetbrains.intellij.deps\trove4j\1.0.20200330\3afb14d5f9ceb459d724e907a21145e8ff394f02\trove4j-1.0.20200330.jar;C:\Users\TUT\.gradle\caches\modules-2\files-2.1\org.jetbrains\annotations\13.0\919f0dfe192fb4e063e7dacadee7f8bb9a2672a9\annotations-13.0.jar
Launcher Type: SUN_STANDARD

[Global flags]
     intx CICompilerCount                          = 4                                         {product} {ergonomic}
     uint ConcGCThreads                            = 2                                         {product} {ergonomic}
     uint G1ConcRefinementThreads                  = 8                                         {product} {ergonomic}
   size_t G1HeapRegionSize                         = 1048576                                   {product} {ergonomic}
    uintx GCDrainStackTargetSize                   = 64                                        {product} {ergonomic}
   size_t InitialHeapSize                          = 134217728                                 {product} {ergonomic}
   size_t MarkStackSize                            = 4194304                                   {product} {ergonomic}
   size_t MaxHeapSize                              = 2126512128                                {product} {ergonomic}
   size_t MaxNewSize                               = 1275068416                                {product} {ergonomic}
   size_t MinHeapDeltaBytes                        = 1048576                                   {product} {ergonomic}
   size_t MinHeapSize                              = 8388608                                   {product} {ergonomic}
    uintx NonNMethodCodeHeapSize                   = 5839372                                {pd product} {ergonomic}
    uintx NonProfiledCodeHeapSize                  = 122909434                              {pd product} {ergonomic}
    uintx ProfiledCodeHeapSize                     = 122909434                              {pd product} {ergonomic}
    uintx ReservedCodeCacheSize                    = 251658240                              {pd product} {ergonomic}
     bool SegmentedCodeCache                       = true                                      {product} {ergonomic}
   size_t SoftMaxHeapSize                          = 2126512128                             {manageable} {ergonomic}
     bool UseCompressedClassPointers               = true                           {product lp64_product} {ergonomic}
     bool UseCompressedOops                        = true                           {product lp64_product} {ergonomic}
     bool UseG1GC                                  = true                                      {product} {ergonomic}
     bool UseLargePagesIndividualAllocation        = false                                  {pd product} {ergonomic}

Logging:
Log output configuration:
 #0: stdout all=warning uptime,level,tags
 #1: stderr all=off uptime,level,tags

Environment Variables:
JAVA_HOME=C:\Program Files\Microsoft\jdk-17.0.11.9-hotspot\
CLASSPATH=F:\BdCalling\react-native\PuetroRico\android\\gradle\wrapper\gradle-wrapper.jar
PATH=F:\BdCalling\react-native\PuetroRico\node_modules\.bin;F:\BdCalling\react-native\PuetroRico\node_modules\.bin;F:\BdCalling\react-native\node_modules\.bin;F:\BdCalling\node_modules\.bin;F:\node_modules\.bin;C:\Users\TUT\AppData\Roaming\npm\node_modules\npm\node_modules\@npmcli\run-script\lib\node-gyp-bin;C:\Program Files\Microsoft\jdk-17.0.11.9-hotspot\bin;C:\WINDOWS\system32;C:\WINDOWS;C:\WINDOWS\System32\Wbem;C:\WINDOWS\System32\WindowsPowerShell\v1.0\;C:\WINDOWS\System32\OpenSSH\;C:\Program Files\Git\cmd;C:\ProgramData\chocolatey\bin;C:\Users\TUT\AppData\Local\Android\Sdk;C:\Program Files\fnm;C:\Program Files\nodejs\;C:\Program Files\Redis\;C:\Users\TUT\AppData\Local\Android\Sdk\tools;C:\Users\TUT\.console-ninja\.bin;C:\Users\TUT\AppData\Local\Microsoft\WindowsApps;C:\Users\TUT\AppData\Local\Programs\Microsoft VS Code\bin;C:\Users\TUT\AppData\Local\Android\Sdk\platform-tools;C:\Users\TUT\AppData\Local\Android\Sdk;C:\Users\TUT\AppData\Local\Microsoft\WinGet\Packages\Schniz.fnm_Microsoft.Winget.Source_8wekyb3d8bbwe;C:\Users\TUT\AppData\Roaming\npm
USERNAME=TUT
OS=Windows_NT
PROCESSOR_IDENTIFIER=Intel64 Family 6 Model 94 Stepping 3, GenuineIntel
TMP=C:\Users\TUT\AppData\Local\Temp
TEMP=C:\Users\TUT\AppData\Local\Temp



Periodic native trim disabled


---------------  S Y S T E M  ---------------

OS:
 Windows 10 , 64 bit Build 19041 (10.0.19041.5198)
OS uptime: 0 days 6:52 hours
Hyper-V role detected

CPU: total 8 (initial active 8) (4 cores per cpu, 2 threads per core) family 6 model 94 stepping 3 microcode 0xcc, cx8, cmov, fxsr, ht, mmx, 3dnowpref, sse, sse2, sse3, ssse3, sse4.1, sse4.2, popcnt, lzcnt, tsc, tscinvbit, avx, avx2, aes, erms, clmul, bmi1, bmi2, rtm, adx, fma, vzeroupper, clflush, clflushopt, hv
Processor Information for all 8 processors :
  Max Mhz: 3401, Current Mhz: 3401, Mhz Limit: 3401

Memory: 4k page, system-wide physical 8104M (520M free)
TotalPageFile size 16104M (AvailPageFile size 49M)
current process WorkingSet (physical memory assigned to process): 304M, peak: 309M
current process commit charge ("private bytes"): 360M, peak: 456M

vm_info: OpenJDK 64-Bit Server VM (17.0.11+9-LTS) for windows-amd64 JRE (17.0.11+9-LTS), built on Apr  9 2024 22:05:54 by "MicrosoftCorporation" with MS VC++ 16.10 / 16.11 (VS2019)

END.
